<?xml version="1.0" encoding="UTF-8"?>
<testsuite name="BellmanFordTest" tests="10" skipped="0" failures="0" errors="0" timestamp="2022-12-08T00:31:43" hostname="LAPTOP-814US0M4" time="0.132">
  <properties/>
  <testcase name="test_random_graph_5_4cycle()" classname="BellmanFordTest" time="0.056"/>
  <testcase name="test_small_disconnected_graph_other_source()" classname="BellmanFordTest" time="0.006"/>
  <testcase name="test_simple_cycle_1()" classname="BellmanFordTest" time="0.025"/>
  <testcase name="test_simple_cycle_2()" classname="BellmanFordTest" time="0.011"/>
  <testcase name="test_medium_graph()" classname="BellmanFordTest" time="0.003"/>
  <testcase name="test_small_graph_other_source()" classname="BellmanFordTest" time="0.002"/>
  <testcase name="test_small_disconnected_graph()" classname="BellmanFordTest" time="0.002"/>
  <testcase name="test_small_graph()" classname="BellmanFordTest" time="0.003"/>
  <testcase name="test_random_graph_10_2cycle()" classname="BellmanFordTest" time="0.005"/>
  <testcase name="test_random_graph_20()" classname="BellmanFordTest" time="0.009"/>
  <system-out><![CDATA[]]></system-out>
  <system-err><![CDATA[]]></system-err>
</testsuite>
